Base path: C:/Program Files/Unity/Editor/Data
Cmd: initializeCompiler
Cmd: preprocess
  insize=9696 outsize=2154 ok=1
Cmd: preprocess
  insize=11727 outsize=747 ok=1
Cmd: preprocess
  insize=1380 outsize=506 ok=1
Cmd: preprocess
  insize=10104 outsize=884 ok=1
Cmd: preprocess
  insize=1849 outsize=422 ok=1
Cmd: preprocess
  insize=1063 outsize=427 ok=1
Cmd: preprocess
  insize=1154 outsize=388 ok=1
Cmd: preprocess
  insize=1449 outsize=483 ok=1
Cmd: preprocess
  insize=3875 outsize=733 ok=1
Cmd: preprocess
  insize=1386 outsize=481 ok=1
Cmd: preprocess
  error: 2 plat 20 at (43): Can't find include file frag_ao.cginc
  error: 2 plat 20 at (47): Can't find include file frag_ao.cginc
  error: 2 plat 20 at (51): Can't find include file frag_ao.cginc
  error: 2 plat 20 at (55): Can't find include file frag_ao.cginc
  error: 2 plat 20 at (60): Can't find include file frag_ao.cginc
  insize=7175 outsize=767 ok=0
Cmd: preprocess
  insize=1325 outsize=384 ok=1
Cmd: preprocess
  insize=2858 outsize=766 ok=1
Cmd: preprocess
  insize=1117 outsize=375 ok=1
Cmd: preprocess
  insize=1533 outsize=458 ok=1
Cmd: preprocess
  insize=1851 outsize=801 ok=1
Cmd: preprocess
  insize=1555 outsize=415 ok=1
Cmd: preprocess
  insize=1428 outsize=399 ok=1
Cmd: preprocess
  insize=2491 outsize=725 ok=1
Cmd: preprocess
  insize=1109 outsize=341 ok=1
Cmd: preprocess
  insize=6848 outsize=950 ok=1
Cmd: preprocess
  insize=33551 outsize=340 ok=1
Cmd: preprocess
  insize=1372 outsize=331 ok=1
Cmd: preprocess
  insize=3842 outsize=699 ok=1
Cmd: preprocess
  insize=1148 outsize=320 ok=1
Cmd: preprocess
  insize=5720 outsize=1610 ok=1
Cmd: preprocess
  insize=14478 outsize=1983 ok=1
Cmd: preprocess
  insize=1187 outsize=430 ok=1
Cmd: preprocess
  insize=6635 outsize=721 ok=1
Cmd: preprocess
  insize=3199 outsize=747 ok=1
Cmd: preprocess
  insize=11970 outsize=2623 ok=1
Cmd: preprocess
  insize=1124 outsize=517 ok=1
Cmd: preprocess
  insize=14466 outsize=2465 ok=1
Cmd: preprocess
  insize=2141 outsize=536 ok=1
Cmd: preprocess
  insize=1854 outsize=372 ok=1
Cmd: preprocess
  insize=28465 outsize=4292 ok=1
Cmd: preprocess
  insize=4361 outsize=573 ok=1
Cmd: preprocess
  insize=2469 outsize=1291 ok=1
Cmd: preprocess
  insize=1913 outsize=369 ok=1
Cmd: preprocess
  insize=1178 outsize=425 ok=1
Cmd: preprocess
  insize=1293 outsize=507 ok=1
Cmd: preprocess
  insize=6192 outsize=837 ok=1
Cmd: preprocess
  insize=5955 outsize=724 ok=1
Cmd: preprocess
  insize=7701 outsize=832 ok=1
Cmd: preprocess
  insize=33560 outsize=340 ok=1
Cmd: preprocess
  insize=5558 outsize=1840 ok=1
Cmd: preprocess
  insize=7077 outsize=323 ok=1
Cmd: preprocess
  insize=4778 outsize=607 ok=1
Cmd: preprocess
  insize=5179 outsize=989 ok=1
Cmd: preprocess
  insize=6106 outsize=1290 ok=1
Cmd: preprocess
  insize=4179 outsize=640 ok=1
Cmd: preprocess
  insize=1016 outsize=370 ok=1
Cmd: preprocess
  insize=1496 outsize=368 ok=1
Cmd: preprocess
  insize=2362 outsize=1058 ok=1
Cmd: preprocess
  insize=5634 outsize=804 ok=1
Cmd: preprocess
  insize=1226 outsize=565 ok=1
Cmd: preprocess
  insize=1375 outsize=463 ok=1
Cmd: preprocess
  insize=706 outsize=329 ok=1
Cmd: preprocess
  insize=863 outsize=389 ok=1
Cmd: preprocess
  insize=5612 outsize=868 ok=1
Cmd: preprocess
  insize=1891 outsize=765 ok=1
Cmd: preprocess
  insize=9696 outsize=2154 ok=1
Cmd: preprocess
  insize=11727 outsize=747 ok=1
Cmd: preprocess
  insize=1380 outsize=506 ok=1
Cmd: preprocess
  insize=10104 outsize=884 ok=1
Cmd: preprocess
  insize=1849 outsize=422 ok=1
Cmd: preprocess
  insize=1063 outsize=427 ok=1
Cmd: preprocess
  insize=1154 outsize=388 ok=1
Cmd: preprocess
  insize=2062 outsize=478 ok=1
Cmd: preprocess
  insize=1449 outsize=483 ok=1
Cmd: preprocess
  insize=3875 outsize=733 ok=1
Cmd: preprocess
  insize=2414 outsize=1077 ok=1
Cmd: preprocess
  insize=3433 outsize=2546 ok=1
Cmd: preprocess
  insize=1386 outsize=481 ok=1
Cmd: preprocess
  error: 2 plat 20 at (43): Can't find include file frag_ao.cginc
  error: 2 plat 20 at (47): Can't find include file frag_ao.cginc
  error: 2 plat 20 at (51): Can't find include file frag_ao.cginc
  error: 2 plat 20 at (55): Can't find include file frag_ao.cginc
  error: 2 plat 20 at (60): Can't find include file frag_ao.cginc
  insize=7175 outsize=767 ok=0
Cmd: preprocess
  insize=1325 outsize=384 ok=1
Cmd: preprocess
  insize=10146 outsize=3898 ok=1
Cmd: preprocess
  insize=2858 outsize=766 ok=1
Cmd: preprocess
  insize=1117 outsize=375 ok=1
Cmd: preprocess
  insize=1533 outsize=458 ok=1
Cmd: preprocess
  insize=1509 outsize=338 ok=1
Cmd: preprocess
  insize=1851 outsize=801 ok=1
Cmd: preprocess
  insize=1555 outsize=415 ok=1
Cmd: preprocess
  insize=1428 outsize=399 ok=1
Cmd: preprocess
  insize=2491 outsize=725 ok=1
Cmd: preprocess
  insize=1109 outsize=341 ok=1
Cmd: preprocess
  insize=833 outsize=305 ok=1
Cmd: preprocess
  insize=6848 outsize=950 ok=1
Cmd: preprocess
  insize=33551 outsize=340 ok=1
Cmd: preprocess
  insize=1372 outsize=331 ok=1
Cmd: preprocess
  insize=3842 outsize=699 ok=1
Cmd: preprocess
  insize=1148 outsize=320 ok=1
Cmd: preprocess
  insize=5720 outsize=1610 ok=1
Cmd: preprocess
  insize=14478 outsize=1983 ok=1
Cmd: preprocess
  insize=1187 outsize=430 ok=1
Cmd: preprocess
  insize=6635 outsize=721 ok=1
Cmd: preprocess
  insize=3199 outsize=747 ok=1
Cmd: preprocess
  insize=4252 outsize=3549 ok=1
Cmd: preprocess
  insize=11970 outsize=2623 ok=1
Cmd: preprocess
  insize=1124 outsize=517 ok=1
Cmd: preprocess
  insize=14466 outsize=2465 ok=1
Cmd: preprocess
  insize=2141 outsize=536 ok=1
Cmd: preprocess
  insize=7128 outsize=2362 ok=1
Cmd: preprocess
  insize=1854 outsize=372 ok=1
Cmd: preprocess
  insize=28465 outsize=4292 ok=1
Cmd: preprocess
  insize=8095 outsize=2629 ok=1
Cmd: preprocess
  insize=4361 outsize=573 ok=1
Cmd: preprocess
  insize=2469 outsize=1291 ok=1
Cmd: preprocess
  insize=1913 outsize=369 ok=1
Cmd: preprocess
  insize=1178 outsize=425 ok=1
Cmd: preprocess
  insize=1293 outsize=507 ok=1
Cmd: preprocess
  insize=781 outsize=252 ok=1
Cmd: preprocess
  insize=6192 outsize=837 ok=1
Cmd: preprocess
  insize=5955 outsize=724 ok=1
Cmd: preprocess
  insize=626 outsize=349 ok=1
Cmd: preprocess
  insize=7701 outsize=832 ok=1
Cmd: preprocess
  insize=33560 outsize=340 ok=1
Cmd: preprocess
  insize=5558 outsize=1840 ok=1
Cmd: preprocess
  insize=7161 outsize=2371 ok=1
Cmd: preprocess
  insize=7077 outsize=323 ok=1
Cmd: preprocess
  insize=4778 outsize=607 ok=1
Cmd: preprocess
  insize=3601 outsize=1607 ok=1
Cmd: preprocess
  insize=5179 outsize=989 ok=1
Cmd: preprocess
  insize=6106 outsize=1290 ok=1
Cmd: preprocess
  insize=762 outsize=302 ok=1
Cmd: preprocess
  insize=10155 outsize=3907 ok=1
Cmd: preprocess
  insize=4179 outsize=640 ok=1
Cmd: preprocess
  insize=1016 outsize=370 ok=1
Cmd: preprocess
  insize=1496 outsize=368 ok=1
Cmd: preprocess
  insize=2362 outsize=1058 ok=1
Cmd: preprocess
  insize=3642 outsize=1210 ok=1
Cmd: preprocess
  insize=5634 outsize=804 ok=1
Cmd: preprocess
  insize=1226 outsize=565 ok=1
Cmd: preprocess
  insize=1375 outsize=463 ok=1
Cmd: preprocess
  insize=706 outsize=329 ok=1
Cmd: preprocess
  insize=863 outsize=389 ok=1
Cmd: preprocess
  insize=5612 outsize=868 ok=1
Cmd: preprocess
  insize=1891 outsize=765 ok=1
